"../../../Engine/Content/Functions/Engine_MaterialFunctions01/Opacity/CameraDepthFade.uasset" 0
"../../../Engine/Content/EngineMaterials/T_Default_Material_Grid_M.uasset" 1
"../../../Engine/Content/EngineMaterials/T_Default_Material_Grid_N.uasset" 2
"../../../Engine/Content/EngineMaterials/DefaultMaterial.uasset" 3
"../../../Engine/Content/BasicShapes/Cone.uasset" 4
"../../../Engine/Content/BasicShapes/Cylinder.uasset" 5
"../../../Engine/Content/BasicShapes/Sphere.uasset" 6
"../../../Engine/Content/EditorLandscapeResources/DataLayer.uasset" 7
"../../../Engine/Content/EditorMaterials/GizmoMaterial.uasset" 8
"../../../Engine/Content/EditorMaterials/MAT_Groups_Toggle.uasset" 9
"../../../Engine/Content/EditorMaterials/MAT_Groups_Visibility.uasset" 10
"../../../Engine/Content/EditorMaterials/PreviewShadowIndicator.uasset" 11
"../../../Engine/Content/EditorMaterials/PreviewShadowIndicatorMaterial.uasset" 12
"../../../Engine/Content/EditorMaterials/AssetViewer/EpicQuadPanorama_CC+EV1.uasset" 13
"../../../Engine/Content/EditorMaterials/MatineeGroups/MAT_ColorTrack.uasset" 14
"../../../Engine/Content/EditorMaterials/MatineeGroups/MAT_Groups_Anim.uasset" 15
"../../../Engine/Content/EditorMaterials/MatineeGroups/MAT_Groups_AudioMaster.uasset" 16
"../../../Engine/Content/EditorMaterials/MatineeGroups/MAT_Groups_Director.uasset" 17
"../../../Engine/Content/EditorMaterials/MatineeGroups/MAT_Groups_Event.uasset" 18
"../../../Engine/Content/EditorMaterials/MatineeGroups/MAT_Groups_Fade.uasset" 19
"../../../Engine/Content/EditorMaterials/MatineeGroups/MAT_Groups_Float.uasset" 20
"../../../Engine/Content/EditorMaterials/MatineeGroups/MAT_Groups_Move.uasset" 21
"../../../Engine/Content/EditorMaterials/MatineeGroups/MAT_Groups_Slomo.uasset" 22
"../../../Engine/Content/EditorMaterials/MatineeGroups/MAT_Groups_Sound.uasset" 23
"../../../Engine/Content/EditorMaterials/MatineeGroups/MAT_Groups_Vector.uasset" 24
"../../../Engine/Content/EditorMaterials/ParticleSystems/PSysThumbnail_NoImage.uasset" 25
"../../../Engine/Content/EditorMaterials/ParticleSystems/PSysThumbnail_OOD.uasset" 26
"../../../Engine/Content/EditorMaterials/Camera/CineMat.uasset" 27
"../../../Engine/Content/EditorMaterials/Camera/MI_CineMat_Rig.uasset" 28
"../../../Engine/Content/EditorMeshes/Camera/SM_CraneRig_Arm.uasset" 29
"../../../Engine/Content/EditorMeshes/Camera/SM_CraneRig_Base.uasset" 30
"../../../Engine/Content/EditorMeshes/Camera/SM_CraneRig_Body.uasset" 31
"../../../Engine/Content/EditorMeshes/Camera/SM_CraneRig_Mount.uasset" 32
"../../../Engine/Content/EditorMeshes/Camera/SM_RailRig_Mount.uasset" 33
"../../../Engine/Content/EditorMeshes/Camera/SM_RailRig_Track.uasset" 34
"../../../Engine/Content/EditorMeshes/ColorCalibrator/M_ChromeBall.uasset" 35
"../../../Engine/Content/EditorMeshes/ColorCalibrator/M_ClearCoat.uasset" 36
"../../../Engine/Content/EditorMeshes/ColorCalibrator/M_ClearCoatBlack.uasset" 37
"../../../Engine/Content/EditorMeshes/ColorCalibrator/T_ColorGrid.uasset" 38
"../../../Engine/Content/EditorMeshes/ColorCalibrator/M_ColorGrid.uasset" 39
"../../../Engine/Content/EditorMeshes/ColorCalibrator/M_GreyBall.uasset" 40
"../../../Engine/Content/EditorMeshes/ColorCalibrator/SM_ColorCalibrator.uasset" 41
"../../../Engine/Content/EditorResources/BSPVertex.uasset" 42
"../../../Engine/Content/EditorResources/EmptyActor.uasset" 43
"../../../Engine/Content/EditorResources/RGBTable16x1_AssetViewer.uasset" 44
"../../../Engine/Content/EditorResources/S_Actor.uasset" 45
"../../../Engine/Content/EditorResources/S_Trigger.uasset" 46
"../../../Engine/Content/EditorResources/AudioIcons/S_AudioComponent.uasset" 47
"../../../Engine/Content/EditorResources/AudioIcons/S_AudioComponent_AutoActivate.uasset" 48
"../../../Engine/Content/EditorResources/LightIcons/S_LightError.uasset" 49
"../../../Engine/Content/EditorResources/SequenceRecorder/Countdown.uasset" 50
"../../../Engine/Content/EditorResources/SequenceRecorder/RecordingIndicator.uasset" 51
"../../../Engine/Content/EditorSounds/Notifications/CompileFailed.uasset" 52
"../../../Engine/Content/EditorSounds/Notifications/CompileFailed_Cue.uasset" 53
"../../../Engine/Content/EditorSounds/Notifications/CompileSuccess.uasset" 54
"../../../Engine/Content/EditorSounds/Notifications/CompileStart_Cue.uasset" 55
"../../../Engine/Content/EditorSounds/Notifications/CompileSuccess_Cue.uasset" 56
"../../../Engine/Content/EngineDamageTypes/DmgTypeBP_Environmental.uasset" 57
"../../../Engine/Content/EngineDebugMaterials/HeatmapGradient.uasset" 58
"../../../Engine/Content/EngineDebugMaterials/BoneWeightMaterial.uasset" 59
"../../../Engine/Content/EngineDebugMaterials/DebugMeshMaterial.uasset" 60
"../../../Engine/Content/EngineDebugMaterials/GeomMaterial.uasset" 61
"../../../Engine/Content/EngineFonts/Roboto.uasset" 62
"../../../Engine/Content/EngineFonts/RobotoTiny.uasset" 63
"../../../Engine/Content/EngineMaterials/DefaultBokeh.uasset" 64
"../../../Engine/Content/EngineMaterials/DefaultDiffuse.uasset" 65
"../../../Engine/Content/EngineMaterials/DefaultDeferredDecalMaterial.uasset" 66
"../../../Engine/Content/EngineMaterials/DefaultLightFunctionMaterial.uasset" 67
"../../../Engine/Content/EngineMaterials/DefaultPhysicalMaterial.uasset" 68
"../../../Engine/Content/Functions/Engine_MaterialFunctions02/Utility/BreakOutFloat2Components.uasset" 69
"../../../Engine/Content/EngineMaterials/DefaultPostProcessMaterial.uasset" 70
"../../../Engine/Content/EngineFonts/RobotoDistanceField.uasset" 71
"../../../Engine/Content/EngineMaterials/DefaultTextMaterialOpaque.uasset" 72
"../../../Engine/Content/EngineMaterials/DefaultWhiteGrid.uasset" 73
"../../../Engine/Content/EngineMaterials/EditorBrushMaterial.uasset" 74
"../../../Engine/Content/EngineMaterials/Good64x64TilingNoiseHighFreq.uasset" 75
"../../../Engine/Content/EngineMaterials/MiniFont.uasset" 76
"../../../Engine/Content/EngineMaterials/InvalidLightmapSettings.uasset" 77
"../../../Engine/Content/EngineMaterials/M_InvalidLightmapSettings.uasset" 78
"../../../Engine/Content/EngineMaterials/PhAT_JointLimitMaterial.uasset" 79
"../../../Engine/Content/EngineMaterials/PreintegratedSkinBRDF.uasset" 80
"../../../Engine/Content/EngineMaterials/RemoveSurfaceMaterial.uasset" 81
"../../../Engine/Content/EngineMaterials/WeightMapPlaceholderTexture.uasset" 82
"../../../Engine/Content/EngineResources/WhiteSquareTexture.uasset" 83
"../../../Engine/Content/EngineMaterials/Widget3DPassThrough.uasset" 84
"../../../Engine/Content/EngineMaterials/Widget3DPassThrough_Masked.uasset" 85
"../../../Engine/Content/EngineMaterials/Widget3DPassThrough_Opaque.uasset" 86
"../../../Engine/Content/EngineMaterials/Widget3DPassThrough_Masked_OneSided.uasset" 87
"../../../Engine/Content/EngineMaterials/Widget3DPassThrough_Opaque_OneSided.uasset" 88
"../../../Engine/Content/EngineMaterials/Widget3DPassThrough_Translucent.uasset" 89
"../../../Engine/Content/EngineMaterials/Widget3DPassThrough_Translucent_OneSided.uasset" 90
"../../../Engine/Content/EngineMeshes/Cube.uasset" 91
"../../../Engine/Content/EngineMeshes/Cylinder.uasset" 92
"../../../Engine/Content/EngineMeshes/Sphere.uasset" 93
"../../../Engine/Content/EngineResources/AICON-Green.uasset" 94
"../../../Engine/Content/EngineResources/AICON-Red.uasset" 95
"../../../Engine/Content/EngineResources/Black.uasset" 96
"../../../Engine/Content/EngineResources/DefaultTexture.uasset" 97
"../../../Engine/Content/EngineResources/DefaultTextureCube.uasset" 98
"../../../Engine/Content/EngineResources/GradientTexture0.uasset" 99
"../../../Engine/Content/EngineSounds/Master.uasset" 100
"../../../Engine/Content/EngineSounds/MasterSubmix.uasset" 101
"../../../Engine/Content/EngineTireTypes/DefaultTireType.uasset" 102
"../../../Engine/Content/Functions/Engine_MaterialFunctions01/Shading/ConvertFromDiffSpec.uasset" 103
"../../../Engine/Content/Functions/Engine_MaterialFunctions01/Shading/PowerToRoughness.uasset" 104
"../../../Engine/Content/Maps/Templates/Thumbnails/Default.uasset" 105
"../../../Engine/Content/Maps/Templates/Thumbnails/VR-Basic.uasset" 106
"../../../Engine/Content/MobileResources/T_MobileControls_texture.uasset" 107
"../../../Engine/Content/MobileResources/T_MobileMenu2.uasset" 108
"../../../Engine/Content/MobileResources/HUD/AnalogHat.uasset" 109
"../../../Engine/Content/MobileResources/HUD/VirtualJoystick_Background.uasset" 110
"../../../Engine/Content/MobileResources/HUD/VirtualJoystick_Thumb.uasset" 111
"../../../Engine/Content/MobileResources/HUD/DefaultVirtualJoysticks.uasset" 112
"../../../Engine/Content/MobileResources/HUD/LeftVirtualJoystickOnly.uasset" 113
"../../../Engine/Content/MobileResources/HUD/MobileHUDButton1_off.uasset" 114
"../../../Engine/Content/MobileResources/HUD/MobileHUDButton1_on.uasset" 115
"../../../Engine/Content/MobileResources/HUD/MobileHUDButton2_off.uasset" 116
"../../../Engine/Content/MobileResources/HUD/MobileHUDButton2_on.uasset" 117
"../../../Engine/Content/MobileResources/HUD/MobileHUDButton3.uasset" 118
"../../../Engine/Content/MobileResources/HUD/MobileHUDButtonFire.uasset" 119
"../../../Engine/Content/MobileResources/HUD/MobileHUDDirectionPad.uasset" 120
"../../../Engine/Content/MobileResources/HUD/MobileHUDDirectionPad2.uasset" 121
"../../../Engine/Content/MobileResources/HUD/MobileHUDDirectionPad3.uasset" 122
"../../../Engine/Content/MobileResources/HUD/MobileHUDDirectionStick.uasset" 123
"../../../Engine/Content/MobileResources/HUD/T_Castle_ThumbstickInner.uasset" 124
"../../../Engine/Content/MobileResources/HUD/T_Castle_ThumbstickOutter.uasset" 125
"../../../Engine/Content/Tutorial/ContentIntroCurve.uasset" 126
"../../../Engine/Content/Tutorial/Basics/TutorialAssets/icon_tab_Levels_40x.uasset" 127
"../../../Engine/Content/Tutorial/BlueprintTutorials/TutorialAssets/BlueprintInterface_64x.uasset" 128
"../../../Engine/Content/Tutorial/BlueprintTutorials/TutorialAssets/BlueprintMacroLibrary_64x.uasset" 129
"../../../Engine/Content/Tutorial/BlueprintTutorials/TutorialAssets/Blueprint_64x.uasset" 130
"../../../Engine/Content/Tutorial/BlueprintTutorials/TutorialAssets/Tutorial_BP_Interface.uasset" 131
"../../../Engine/Content/Tutorial/Foliage/TutorialAssets/Foliage.uasset" 132
"../../../Engine/Content/Tutorial/Landscape/TutorialAssets/Landscape.uasset" 133
"../../../Engine/Content/Tutorial/Paper2D/TutorialAssets/Paper2DFlipbook_TutorialIcon.uasset" 134
"../../../Engine/Content/Tutorial/Paper2D/TutorialAssets/Paper2DSprite_TutorialIcon.uasset" 135
"../../../Engine/Content/Tutorial/SubEditors/TutorialAssets/icon_Editor_Preferences_General_40x.uasset" 136
"../../../Engine/Content/Tutorial/SubEditors/TutorialAssets/icon_ShowSkeletalMeshes_40x.uasset" 137
"../../../Engine/Content/Tutorial/SubEditors/TutorialAssets/TutorialMaterial.uasset" 138
"../../../Engine/Content/Tutorial/SubEditors/TutorialAssets/T_SmokeSubUV_8X8.uasset" 139
"../../../Engine/Content/Tutorial/SubEditors/TutorialAssets/T_soft_smoke.uasset" 140
"../../../Engine/Content/Tutorial/SubEditors/TutorialAssets/M_smoke_subUV_blackbody.uasset" 141
"../../../Engine/Content/Tutorial/SubEditors/TutorialAssets/TutorialParticleSystem.uasset" 142
"../../../Engine/Content/EngineMaterials/WorldGridMaterial.uasset" 143
"../../../Engine/Content/EditorMeshes/EditorCube.uasset" 144
"../../../Engine/Content/Tutorial/SubEditors/TutorialAssets/Tutorial_DM.uasset" 145
"../../../Engine/Content/VREditor/Devices/Generic/GenericHMDMaterial.uasset" 146
"../../../Engine/Content/VREditor/Devices/Generic/GenericHMD.uasset" 147
"../../../Engine/Content/VREditor/FloatingText/LineMaterial.uasset" 148
"../../../Engine/Content/VREditor/FloatingText/JointSphere.uasset" 149
"../../../Engine/Content/VREditor/FloatingText/LineSegmentCylinder.uasset" 150
"../../../Engine/Content/VREditor/Fonts/VRText_RobotoLarge.uasset" 151
"../../../Engine/Content/VREditor/Fonts/VRTextMaterial.uasset" 152
"../../../Engine/Content/VREditor/Fonts/TranslucentVRTextMaterial.uasset" 153
"../../../Engine/Content/VREditor/LaserPointer/VR_LaserPower_01.uasset" 154
"../../../Engine/Content/VREditor/LaserPointer/LaserPointerMaterial.uasset" 155
"../../../Engine/Content/VREditor/LaserPointer/LaserPointerMaterialInst.uasset" 156
"../../../Engine/Content/VREditor/LaserPointer/TranslucentLaserPointerMaterialInst.uasset" 157
"../../../Engine/Content/VREditor/LaserPointer/LaserPointerMesh.uasset" 158
"../../../Engine/Content/VREditor/Sounds/VR_grab_Cue.uasset" 159
"../../../Engine/Content/VREditor/Sounds/VR_teleport_Cue.uasset" 160
"../../../Engine/Content/VREditor/TransformGizmo/TransformGizmoMaterial.uasset" 161
"../../../Engine/Content/VREditor/TransformGizmo/TranslucentTransformGizmoMaterial.uasset" 162
"../../../Engine/Content/VREditor/TransformGizmo/BoundingBoxCorner.uasset" 163
"../../../Engine/Content/VREditor/TransformGizmo/BoundingBoxEdge.uasset" 164
"../../../Engine/Content/VREditor/TransformGizmo/PlaneTranslationHandle.uasset" 165
"../../../Engine/Content/VREditor/TransformGizmo/RotationHandle.uasset" 166
"../../../Engine/Content/VREditor/TransformGizmo/RotationHandleFull.uasset" 167
"../../../Engine/Content/VREditor/TransformGizmo/StretchingHandle.uasset" 168
"../../../Engine/Content/VREditor/TransformGizmo/TranslateHandleLong.uasset" 169
"../../../Engine/Content/VREditor/TransformGizmo/TranslationHandle.uasset" 170
"../../../Engine/Content/VREditor/TransformGizmo/UniformScaleHandle.uasset" 171
"../../../Engine/Content/VREditor/UI/CloseButtonMesh.uasset" 172
"../../../Engine/Content/VREditor/UI/SelectionBarMesh.uasset" 173
"../../../Engine/Content/Functions/Engine_MaterialFunctions01/Gradient/RadialGradient.uasset" 174
"../../../Engine/Content/VREditor/WorldMovementGrid/SimpleGrid.uasset" 175
"../../../Engine/Content/VREditor/WorldMovementGrid/GridMaterial.uasset" 176
"../../../Engine/Content/Functions/Engine_MaterialFunctions01/Density/ExponentialDensity.uasset" 177
"../../../Engine/Content/VREditor/WorldMovementGrid/GridPostProcess.uasset" 178
"../../../Engine/Content/EditorLandscapeResources/FlattenHeightMat.uasset" 179
"../../../Engine/Content/VREditor/WorldMovementGrid/PlaneMesh.uasset" 180
"../../../Engine/Plugins/2D/Paper2D/Content/DummySprite.uasset" 181
"../../../Engine/Plugins/2D/Paper2D/Content/DefaultPaperTerrainMaterial.uasset" 182
"../../../Engine/Plugins/2D/Paper2D/Content/DefaultSpriteMaterial.uasset" 183
"../../../Engine/Plugins/2D/Paper2D/Content/MaskedUnlitSpriteMaterial.uasset" 184
"../../../Engine/Plugins/2D/Paper2D/Content/OpaqueUnlitSpriteMaterial.uasset" 185
"../../../Engine/Plugins/2D/Paper2D/Content/PlaceholderTextures/DummySpriteTexture.uasset" 186
"../../../LaserRush/Content/Mannequin/Character/Mesh/UE4_Mannequin_Skeleton.uasset" 187
"../../../LaserRush/Content/Mannequin/Animations/ThirdPerson_Jump.uasset" 188
"../../../LaserRush/Content/Mannequin/Animations/ThirdPersonJump_Loop.uasset" 189
"../../../LaserRush/Content/Mannequin/Animations/ThirdPersonJump_Start.uasset" 190
"../../../LaserRush/Content/Mannequin/Animations/ThirdPersonIdle.uasset" 191
"../../../LaserRush/Content/Mannequin/Animations/ThirdPersonRun.uasset" 192
"../../../LaserRush/Content/Mannequin/Animations/ThirdPersonWalk.uasset" 193
"../../../LaserRush/Content/Mannequin/Animations/ThirdPerson_IdleRun_2D.uasset" 194
"../../../Engine/Content/EditorBlueprintResources/StandardMacros.uasset" 195
"../../../LaserRush/Content/Mannequin/Animations/ThirdPerson_AnimBP.uasset" 196
"../../../LaserRush/Content/StarterContent/Textures/T_Perlin_Noise_M.uasset" 197
"../../../LaserRush/Content/StarterContent/Textures/T_Water_N.uasset" 198
"../../../LaserRush/Content/StarterContent/Materials/M_Water_Lake.uasset" 199
"../../../LaserRush/Content/SFTS/Audio/BoostSound.uasset" 200
"../../../LaserRush/Content/StarterContent/Materials/M_Basic_Wall.uasset" 201
"../../../LaserRush/Content/StarterContent/Shapes/Shape_Torus.uasset" 202
"../../../LaserRush/Content/SFTS/Blueprints/BoostDistortion.uasset" 203
"../../../LaserRush/Content/SFTS/Blueprints/ShopInstance.uasset" 204
"../../../LaserRush/Content/SFTS/Materials/Shield.uasset" 205
"../../../LaserRush/Content/SFTS/Materials/ShipMaterialParameters.uasset" 206
"../../../LaserRush/Content/SFTS/Meshes/SpaceCraftColor1.uasset" 207
"../../../LaserRush/Content/SFTS/Meshes/ShipMaterial.uasset" 208
"../../../LaserRush/Content/SFTS/Meshes/ShipMaterialInvincible.uasset" 209
"../../../LaserRush/Content/StarterContent/Textures/T_MacroVariation.uasset" 210
"../../../LaserRush/Content/StarterContent/Textures/T_Metal_Steel_D.uasset" 211
"../../../LaserRush/Content/StarterContent/Textures/T_Metal_Steel_N.uasset" 212
"../../../LaserRush/Content/StarterContent/Materials/M_Metal_Steel.uasset" 213
"../../../LaserRush/Content/StarterContent/Textures/T_Door_M.uasset" 214
"../../../LaserRush/Content/StarterContent/Textures/T_Door_N.uasset" 215
"../../../LaserRush/Content/StarterContent/Props/Materials/M_Door.uasset" 216
"../../../LaserRush/Content/ExampleContent/Effects/Materials/m_flare_01.uasset" 217
"../../../LaserRush/Content/ExampleContent/Effects/Textures/sunflare.uasset" 218
"../../../LaserRush/Content/ExampleContent/Effects/Materials/m_flare_03.uasset" 219
"../../../LaserRush/Content/ExampleContent/Input_Examples/Effects/P_Metal_Impact.uasset" 220
"../../../LaserRush/Content/SFTS/Audio/CollisionHitSound.uasset" 221
"../../../LaserRush/Content/SFTS/Audio/CruisingLocationSound.uasset" 222
"../../../LaserRush/Content/SFTS/Audio/cruisingsound.uasset" 223
"../../../LaserRush/Content/SFTS/Audio/EarthZone.uasset" 224
"../../../LaserRush/Content/SFTS/Audio/gunfire.uasset" 225
"../../../LaserRush/Content/SFTS/Blueprints/EngineTrail1.uasset" 226
"../../../LaserRush/Content/SFTS/Blueprints/EngineTrail2.uasset" 227
"../../../LaserRush/Content/SFTS/Blueprints/SoundLocation.uasset" 228
"../../../LaserRush/Content/SFTS/HUD/UIImages/DiamondIcon.uasset" 229
"../../../LaserRush/Content/SFTS/HUD/UIImages/ImpactCounter.uasset" 230
"../../../LaserRush/Content/SFTS/HUD/UIImages/ScoreIcon.uasset" 231
"../../../LaserRush/Content/SFTS/HUD/HUD.uasset" 232
"../../../LaserRush/Content/SFTS/HUD/MenuImages/Tutorial.uasset" 233
"../../../LaserRush/Content/SFTS/HUD/Tutorial.uasset" 234
"../../../LaserRush/Content/SFTS/Meshes/ship.uasset" 235
"../../../LaserRush/Content/StarterContent/Props/MaterialSphere.uasset" 236
"../../../LaserRush/Content/SFTS/Blueprints/RunCharacter.uasset" 237
"../../../Engine/Content/EngineSky/C_Sky_Cloud_Color.uasset" 238
"../../../Engine/Content/EngineSky/C_Sky_Horizon_Color.uasset" 239
"../../../Engine/Content/EngineSky/C_Sky_Zenith_Color.uasset" 240
"../../../Engine/Content/EngineSky/T_Sky_Blue.uasset" 241
"../../../Engine/Content/EngineSky/T_Sky_Clouds_M.uasset" 242
"../../../Engine/Content/EngineSky/T_Sky_Stars.uasset" 243
"../../../Engine/Content/EngineSky/M_Sky_Panning_Clouds2.uasset" 244
"../../../Engine/Content/EngineSky/SM_SkySphere.uasset" 245
"../../../Engine/Content/EngineSky/BP_Sky_Sphere.uasset" 246
"../../../LaserRush/Content/SFTS/Blueprints/CameraActor_Blueprint.uasset" 247
"../../../LaserRush/Content/SFTS/Materials/Diamond.uasset" 248
"../../../LaserRush/Content/SFTS/Audio/DiamondSound.uasset" 249
"../../../LaserRush/Content/StarterContent/Shapes/Shape_QuadPyramid.uasset" 250
"../../../LaserRush/Content/SFTS/Blueprints/EarthZone/Diamond.uasset" 251
"../../../LaserRush/Content/SFTS/Textures/WallTexture.uasset" 252
"../../../LaserRush/Content/SFTS/Textures/WallTexture_Mat.uasset" 253
"../../../LaserRush/Content/StarterContent/Shapes/Shape_Cube.uasset" 254
"../../../LaserRush/Content/SFTS/Blueprints/EarthZone/Border.uasset" 255
"../../../LaserRush/Content/SFTS/Textures/FlootCeilingTexture.uasset" 256
"../../../LaserRush/Content/SFTS/Textures/FlootCeilingTexture_Mat.uasset" 257
"../../../LaserRush/Content/StarterContent/Textures/T_Brick_Clay_New_D.uasset" 258
"../../../LaserRush/Content/StarterContent/Textures/T_Brick_Clay_New_M.uasset" 259
"../../../LaserRush/Content/StarterContent/Textures/T_Brick_Clay_New_N.uasset" 260
"../../../LaserRush/Content/StarterContent/Textures/T_Detail_Rocky_N.uasset" 261
"../../../LaserRush/Content/StarterContent/Materials/M_Brick_Clay_New.uasset" 262
"../../../Engine/Content/BasicShapes/Cube.uasset" 263
"../../../LaserRush/Content/SFTS/Blueprints/EarthZone/BP_FloorBlank.uasset" 264
"../../../LaserRush/Content/Geometry/Meshes/CubeMaterial.uasset" 265
"../../../LaserRush/Content/StarterContent/Textures/T_Burst_M.uasset" 266
"../../../LaserRush/Content/StarterContent/Particles/Materials/M_Burst.uasset" 267
"../../../LaserRush/Content/StarterContent/Textures/T_Explosion_SubUV.uasset" 268
"../../../LaserRush/Content/StarterContent/Particles/Materials/M_explosion_subUV.uasset" 269
"../../../LaserRush/Content/StarterContent/Particles/Materials/m_flare_01.uasset" 270
"../../../LaserRush/Content/StarterContent/Particles/Materials/M_radial_ramp.uasset" 271
"../../../LaserRush/Content/StarterContent/Textures/T_Smoke_SubUV.uasset" 272
"../../../LaserRush/Content/StarterContent/Textures/T_Smoke_Tiled_D.uasset" 273
"../../../LaserRush/Content/StarterContent/Particles/Materials/M_smoke_subUV.uasset" 274
"../../../LaserRush/Content/StarterContent/Particles/P_Explosion.uasset" 275
"../../../LaserRush/Content/StarterContent/Shapes/Shape_Cylinder.uasset" 276
"../../../LaserRush/Content/SFTS/Blueprints/EarthZone/Blocker.uasset" 277
"../../../LaserRush/Content/SFTS/Blueprints/EarthZone/Blocker2.uasset" 278
"../../../LaserRush/Content/SFTS/Blueprints/EarthZone/Blocker3.uasset" 279
"../../../LaserRush/Content/SFTS/Blueprints/EarthZone/Tree1.uasset" 280
"../../../LaserRush/Content/SFTS/Blueprints/EarthZone/BP_FloorTile.uasset" 281
"../../../LaserRush/Content/SFTS/Blueprints/RunController.uasset" 282
"../../../LaserRush/Content/SFTS/Blueprints/EarthZone/RunGameMode.uasset" 283
"../../../LaserRush/Content/SFTS/Materials/ShipTexture.uasset" 284
"../../../LaserRush/Content/SFTS/Blueprints/EarthZone/View_Blocker.uasset" 285
"../../../LaserRush/Content/EarthZone_BuiltData.uasset" 286
"../../../LaserRush/Content/EarthZone.umap" 287
"../../../LaserRush/Content/SFTS/Blueprints/RunCharacterDemo.uasset" 288
"../../../LaserRush/Content/SFTS/Blueprints/EarthZone/BP_FloorBlankDemo.uasset" 289
"../../../LaserRush/Content/SFTS/Blueprints/RunGameModeDemo.uasset" 290
"../../../LaserRush/Content/MainMenu_BuiltData.uasset" 291
"../../../LaserRush/Content/SFTS/Blueprints/OptionsInstance.uasset" 292
"../../../LaserRush/Content/SFTS/Audio/MenuBack.uasset" 293
"../../../LaserRush/Content/SFTS/Audio/MenuHover.uasset" 294
"../../../LaserRush/Content/SFTS/Audio/MenuSelect.uasset" 295
"../../../LaserRush/Content/SFTS/Audio/TitleScreen.uasset" 296
"../../../LaserRush/Content/SFTS/HUD/MenuImages/LRLogo.uasset" 297
"../../../LaserRush/Content/SFTS/HUD/MenuImages/MainMenuOptions.uasset" 298
"../../../LaserRush/Content/SFTS/HUD/MenuImages/MainMenuPlayGame.uasset" 299
"../../../LaserRush/Content/SFTS/HUD/MenuImages/MainMenuQuitGame.uasset" 300
"../../../LaserRush/Content/SFTS/HUD/MenuImages/MainMenuResults.uasset" 301
"../../../LaserRush/Content/SFTS/HUD/MenuImages/SettingsHigh.uasset" 302
"../../../LaserRush/Content/SFTS/HUD/MenuImages/SettingsLow.uasset" 303
"../../../LaserRush/Content/SFTS/HUD/MenuImages/SettingsMedium.uasset" 304
"../../../LaserRush/Content/SFTS/HUD/MenuImages/SettingsReturn.uasset" 305
"../../../LaserRush/Content/SFTS/HUD/MenuImages/ResultsScreen.uasset" 306
"../../../LaserRush/Content/SFTS/HUD/ResultsScreen.uasset" 307
"../../../LaserRush/Content/SFTS/HUD/MainMenu.uasset" 308
"../../../LaserRush/Content/SFTS/HUD/SetDifficulty.uasset" 309
"../../../LaserRush/Content/MainMenu.umap" 310
"../../../Engine/Content/Maps/Entry.umap" 311
